Arguments: 
  /home/gfsilva/.nvm/versions/node/v14.15.5/bin/node /home/gfsilva/.yarn/bin/yarn.js

PATH: 
  /home/gfsilva/.rvm/gems/ruby-2.7.3/bin:/home/gfsilva/.rvm/gems/ruby-2.7.3@global/bin:/home/gfsilva/.rvm/rubies/ruby-2.7.3/bin:/home/gfsilva/.rvm/bin:/home/gfsilva/.yarn/bin:/home/gfsilva/.config/yarn/global/node_modules/.bin:./bin:./node_modules/.bin:/home/gfsilva/.nvm/versions/node/v14.15.5/bin:/home/gfsilva/.pyenv/bin:/home/gfsilva/.rbenv/shims:/home/gfsilva/.rbenv/bin:/usr/local/sbin:/usr/local/bin:/usr/sbin:/usr/bin:/sbin:/bin:/usr/games:/usr/local/games:/usr/lib/wsl/lib:/mnt/c/Program Files (x86)/Intel/Intel(R) Management Engine Components/iCLS:/mnt/c/Program Files/Intel/Intel(R) Management Engine Components/iCLS:/mnt/c/WINDOWS/system32:/mnt/c/WINDOWS:/mnt/c/WINDOWS/System32/Wbem:/mnt/c/WINDOWS/System32/WindowsPowerShell/v1.0:/mnt/c/WINDOWS/System32/OpenSSH:/mnt/c/Program Files (x86)/Intel/Intel(R) Management Engine Components/DAL:/mnt/c/Program Files/Intel/Intel(R) Management Engine Components/DAL:/mnt/c/Program Files (x86)/Intel/Intel(R) Management Engine Components/IPT:/mnt/c/Program Files/Intel/Intel(R) Management Engine Components/IPT:/mnt/c/Program Files/Intel/WiFi/bin:/mnt/c/Program Files/Common Files/Intel/WirelessCommon:/mnt/c/Program Files/Git/cmd:/mnt/c/Program Files/Git/mingw64/bin:/mnt/c/Program Files/Git/usr/bin:/mnt/c/Program Files/nodejs:/mnt/c/Program Files/Git LFS:/mnt/c/Ruby27/bin:/mnt/c/Ruby27-x64/bin:/mnt/c/Users/gfsil/AppData/Local/Microsoft/WindowsApps:/mnt/c/Users/gfsil/AppData/Local/atom/bin:/mnt/c/Users/gfsil/AppData/Roaming/npm:/mnt/c/Users/gfsil/AppData/Local/Programs/Microsoft VS Code/bin:/mnt/c/Users/gfsil/AppData/Local/GitHubDesktop/bin:/usr/local/sbin

Yarn version: 
  1.22.19

Node version: 
  14.15.5

Platform: 
  linux x64

Trace: 
  TypeError [ERR_INVALID_ARG_TYPE]: The "path" argument must be of type string. Received [Object: null prototype]
      at validateString (internal/validators.js:124:11)
      at Object.isAbsolute (path.js:1029:5)
      at module.exports.exports.default (/home/gfsilva/.yarn/lib/cli.js:97087:16)
      at /home/gfsilva/.yarn/lib/cli.js:51330:63
      at Generator.next (<anonymous>)
      at step (/home/gfsilva/.yarn/lib/cli.js:310:30)
      at /home/gfsilva/.yarn/lib/cli.js:321:13

npm manifest: 
  {
    "requires": true,
    "lockfileVersion": 1,
    "dependencies": {
      "@popperjs/core": {
        "version": "2.11.5",
        "resolved": "https://registry.npmjs.org/@popperjs/core/-/core-2.11.5.tgz",
        "integrity": "sha512-9X2obfABZuDVLCgPK9aX0a/x4jaOEweTTWE2+9sr0Qqqevj2Uv5XorvusThmc9XGYpS9yI+fhh8RTafBtGposw=="
      },
      "bootstrap": {
        "version": "5.2.0",
        "resolved": "https://registry.npmjs.org/bootstrap/-/bootstrap-5.2.0.tgz",
        "integrity": "sha512-qlnS9GL6YZE6Wnef46GxGv1UpGGzAwO0aPL1yOjzDIJpeApeMvqV24iL+pjr2kU4dduoBA9fINKWKgMToobx9A=="
      }
    }
  }

yarn manifest: 
  No manifest

Lockfile: 
  # THIS IS AN AUTOGENERATED FILE. DO NOT EDIT THIS FILE DIRECTLY.
  # yarn lockfile v1
  
  
  "@popperjs/core@^2.11.5":
    version "2.11.5"
    resolved "https://registry.yarnpkg.com/@popperjs/core/-/core-2.11.5.tgz#db5a11bf66bdab39569719555b0f76e138d7bd64"
    integrity sha512-9X2obfABZuDVLCgPK9aX0a/x4jaOEweTTWE2+9sr0Qqqevj2Uv5XorvusThmc9XGYpS9yI+fhh8RTafBtGposw==
  
  bootstrap@^5.2.0:
    version "5.2.0"
    resolved "https://registry.yarnpkg.com/bootstrap/-/bootstrap-5.2.0.tgz#838727fb60f1630db370fe57c63cbcf2962bb3d3"
    integrity sha512-qlnS9GL6YZE6Wnef46GxGv1UpGGzAwO0aPL1yOjzDIJpeApeMvqV24iL+pjr2kU4dduoBA9fINKWKgMToobx9A==
